<?xml version="1.0" encoding="UTF-8"?>
<!-- Generated by org.testng.reporters.JUnitXMLReporter -->
<testsuite ignored="1" hostname="DESKTOP-UCIOF92" failures="1" tests="2" name="Default test(failed)" time="0.12" errors="0" timestamp="2022-07-13T00:18:54 IST">
  <testcase classname="Listener_Study.MyMethod" name="Method2" time="0.019">
    <failure type="java.lang.AssertionError" message="null">
      <![CDATA[java.lang.AssertionError: null
at Listener_Study.MyMethod.Method2(MyMethod.java:19)
at java.base/java.util.ArrayList.forEach(ArrayList.java:1541)
... Removed 29 stack frames]]>
    </failure>
  </testcase> <!-- Method2 -->
  <testcase classname="Listener_Study.MyMethod" name="Method3" time="0.0">
    <skipped/>
  </testcase> <!-- Method3 -->
  <testcase classname="Listener_Study.MyMethod" name="Method1" time="0.0">
    <ignored/>
  </testcase> <!-- Method1 -->
</testsuite> <!-- Default test(failed) -->
