<?xml version="1.0" encoding="UTF-8"?>
<!-- Generated by org.testng.reporters.JUnitXMLReporter -->
<testsuite ignored="0" hostname="DESKTOP-UCIOF92" failures="1" tests="1" name="Chorme_Test" time="0.007" errors="0" timestamp="2022-07-04T05:16:09 IST">
  <testcase classname="CrossBrowsertest.Cross_Testing" name="mymethod" time="0.002">
    <failure type="java.lang.NullPointerException">
      <![CDATA[java.lang.NullPointerException
at CrossBrowsertest.Cross_Testing.mymethod(Cross_Testing.java:27)
at java.base/java.util.ArrayList.forEach(ArrayList.java:1541)
... Removed 27 stack frames]]>
    </failure>
  </testcase> <!-- mymethod -->
</testsuite> <!-- Chorme_Test -->
