<?xml version="1.0" encoding="UTF-8"?>
<!-- Generated by org.testng.reporters.JUnitXMLReporter -->
<testsuite ignored="4" hostname="DESKTOP-UCIOF92" failures="0" tests="4" name="Test" time="0.127" errors="0" timestamp="2022-07-13T00:03:50 IST">
  <testcase classname="TestNG_Keywords.groups1" name="f" time="0.018"/>
  <testcase classname="TestNG_Keywords.groups1" name="g" time="0.003"/>
  <testcase classname="TestNG_Keywords.groups" name="c" time="0.005"/>
  <testcase classname="TestNG_Keywords.groups" name="d" time="0.004"/>
  <testcase classname="TestNG_Keywords.groups1" name="e" time="0.0">
    <ignored/>
  </testcase> <!-- e -->
  <testcase classname="TestNG_Keywords.groups1" name="b" time="0.0">
    <ignored/>
  </testcase> <!-- b -->
  <testcase classname="TestNG_Keywords.groups" name="a" time="0.0">
    <ignored/>
  </testcase> <!-- a -->
  <testcase classname="TestNG_Keywords.groups" name="b" time="0.0">
    <ignored/>
  </testcase> <!-- b -->
</testsuite> <!-- Test -->
