<?xml version="1.0" encoding="UTF-8"?>
<testng-results ignored="0" total="2" passed="2" failed="0" skipped="0">
  <reporter-output>
  </reporter-output>
  <suite started-at="2022-07-13T01:43:51 IST" name="Suite" finished-at="2022-07-13T01:44:19 IST" duration-ms="27843">
    <groups>
    </groups>
    <test started-at="2022-07-13T01:43:51 IST" name="Chrome_Test" finished-at="2022-07-13T01:44:03 IST" duration-ms="11131">
      <class name="CrossBrowsertest.Cross_Testing">
        <test-method signature="mymethod(java.lang.String)[pri:0, instance:CrossBrowsertest.Cross_Testing@2805d709]" started-at="2022-07-13T01:43:51 IST" name="mymethod" finished-at="2022-07-13T01:44:03 IST" duration-ms="11056" status="PASS">
          <params>
            <param index="0">
              <value>
                <![CDATA[chrome]]>
              </value>
            </param>
          </params>
          <reporter-output>
          </reporter-output>
        </test-method> <!-- mymethod -->
      </class> <!-- CrossBrowsertest.Cross_Testing -->
    </test> <!-- Chrome_Test -->
    <test started-at="2022-07-13T01:44:03 IST" name="FireFox_Test" finished-at="2022-07-13T01:44:19 IST" duration-ms="16634">
      <class name="CrossBrowsertest.Cross_Testing">
        <test-method signature="mymethod(java.lang.String)[pri:0, instance:CrossBrowsertest.Cross_Testing@20140db9]" started-at="2022-07-13T01:44:03 IST" name="mymethod" finished-at="2022-07-13T01:44:19 IST" duration-ms="16626" status="PASS">
          <params>
            <param index="0">
              <value>
                <![CDATA[Firefox]]>
              </value>
            </param>
          </params>
          <reporter-output>
          </reporter-output>
        </test-method> <!-- mymethod -->
      </class> <!-- CrossBrowsertest.Cross_Testing -->
    </test> <!-- FireFox_Test -->
  </suite> <!-- Suite -->
</testng-results>
